{"target": -19.539733505882676, "params": {"batchsize": 5.6680880188102964, "densesize": 6.881297973768632, "filters": 4.0004574992693795, "seqlength": 111.74672386535784}, "datetime": {"datetime": "2021-08-10 17:25:38", "elapsed": 0.0, "delta": 0.0}}
{"target": -17.243663356086692, "params": {"batchsize": 4.587023563268453, "densesize": 4.369354379075191, "filters": 4.745040845510683, "seqlength": 127.43854391662633}, "datetime": {"datetime": "2021-08-10 17:25:53", "elapsed": 15.653495, "delta": 15.653495}}
{"target": -17.828108204412224, "params": {"batchsize": 5.58706989692268, "densesize": 6.155266936013428, "filters": 5.676778057613179, "seqlength": 250.7346786440237}, "datetime": {"datetime": "2021-08-10 17:25:59", "elapsed": 21.387001, "delta": 5.733506}}
{"target": -22.168408086203378, "params": {"batchsize": 4.81780899892607, "densesize": 7.512469745563782, "filters": 4.109550372791705, "seqlength": 245.37970619476002}, "datetime": {"datetime": "2021-08-10 17:26:09", "elapsed": 31.764013, "delta": 10.377012}}
{"target": -16.386376612894924, "params": {"batchsize": 5.669219209468508, "densesize": 6.234759313783007, "filters": 4.5615477543809355, "seqlength": 73.910840537811}, "datetime": {"datetime": "2021-08-10 17:26:18", "elapsed": 40.682539, "delta": 8.918526}}
{"target": -20.23155368893539, "params": {"batchsize": 7.202978274702147, "densesize": 7.87304630287759, "filters": 5.253696712636971, "seqlength": 253.31310948796101}, "datetime": {"datetime": "2021-08-10 17:26:25", "elapsed": 47.131985, "delta": 6.449446}}
{"target": -31.15231491038954, "params": {"batchsize": 7.505556609184153, "densesize": 7.57842665401539, "filters": 4.340176845479112, "seqlength": 16.176886313536297}, "datetime": {"datetime": "2021-08-10 17:26:30", "elapsed": 52.432172, "delta": 5.300187}}
{"target": -18.95558031968456, "params": {"batchsize": 4.679321678258276, "densesize": 7.512570013717653, "filters": 4.3933873353322, "seqlength": 154.86206787683395}, "datetime": {"datetime": "2021-08-10 17:26:43", "elapsed": 65.652636, "delta": 13.220464}}
{"target": -14.145698081377923, "params": {"batchsize": 7.831558120602008, "densesize": 6.132661139892068, "filters": 6.767508455801893, "seqlength": 116.53217405520085}, "datetime": {"datetime": "2021-08-10 17:26:48", "elapsed": 70.810791, "delta": 5.158155}}
{"target": -15.031626905433601, "params": {"batchsize": 6.746003710726335, "densesize": 7.338502687589491, "filters": 4.073153109376767, "seqlength": 274.3023863250232}, "datetime": {"datetime": "2021-08-10 17:26:54", "elapsed": 76.458055, "delta": 5.647264}}
{"target": -15.173372549165606, "params": {"batchsize": 7.955444355625978, "densesize": 6.992662617519358, "filters": 5.121775968257621, "seqlength": 288.50839622789033}, "datetime": {"datetime": "2021-08-10 17:26:59", "elapsed": 81.74924, "delta": 5.291185}}
{"target": -17.37391886946875, "params": {"batchsize": 4.412904026310568, "densesize": 5.791574104703621, "filters": 7.634382012372383, "seqlength": 108.58193585964565}, "datetime": {"datetime": "2021-08-10 17:27:08", "elapsed": 90.032094, "delta": 8.282854}}
{"target": -19.17677244521282, "params": {"batchsize": 5.1511013543453945, "densesize": 4.520114288473111, "filters": 4.077467831481188, "seqlength": 248.4172984571804}, "datetime": {"datetime": "2021-08-10 17:27:18", "elapsed": 100.068341, "delta": 10.036247}}
{"target": -31.515945963512525, "params": {"batchsize": 4.846512464000236, "densesize": 5.062186637488905, "filters": 5.966292637121353, "seqlength": 21.37060387750018}, "datetime": {"datetime": "2021-08-10 17:27:26", "elapsed": 108.865446, "delta": 8.797105}}
{"target": -16.74893936217367, "params": {"batchsize": 6.296470421968053, "densesize": 4.58691429962324, "filters": 6.357222147613137, "seqlength": 256.012284687598}, "datetime": {"datetime": "2021-08-10 17:27:35", "elapsed": 117.855459, "delta": 8.990013}}
{"target": -16.963702130504103, "params": {"batchsize": 4.409337715311303, "densesize": 5.656223951278273, "filters": 6.77760063091098, "seqlength": 152.34707483826566}, "datetime": {"datetime": "2021-08-10 17:27:50", "elapsed": 132.520742, "delta": 14.665283}}
{"target": -18.80918920449041, "params": {"batchsize": 4.199813835784349, "densesize": 6.143585623662046, "filters": 6.655178580879156, "seqlength": 188.904747677166}, "datetime": {"datetime": "2021-08-10 17:28:00", "elapsed": 142.24892, "delta": 9.728178}}
{"target": -20.717491767026946, "params": {"batchsize": 7.778379023963254, "densesize": 6.346220162007972, "filters": 7.6136076611515335, "seqlength": 51.90331760508422}, "datetime": {"datetime": "2021-08-10 17:28:05", "elapsed": 147.434903, "delta": 5.185983}}
{"target": -25.0504701587749, "params": {"batchsize": 4.557105389003034, "densesize": 7.229565154838095, "filters": 5.590707347942134, "seqlength": 62.023573553446596}, "datetime": {"datetime": "2021-08-10 17:28:19", "elapsed": 161.665088, "delta": 14.230185}}
{"target": -30.547025164558068, "params": {"batchsize": 7.710034321584136, "densesize": 5.391063438982027, "filters": 7.003248412544622, "seqlength": 265.5372686822139}, "datetime": {"datetime": "2021-08-10 17:28:22", "elapsed": 164.427707, "delta": 2.762619}}
{"target": -15.52175330123435, "params": {"batchsize": 6.789003158212897, "densesize": 7.68333459599412, "filters": 4.0, "seqlength": 279.43573702168567}, "datetime": {"datetime": "2021-08-10 17:28:31", "elapsed": 173.199672, "delta": 8.771965}}
{"target": -12.340513057741806, "params": {"batchsize": 7.595023883760909, "densesize": 5.021437404477217, "filters": 7.175709842356154, "seqlength": 119.98182021896122}, "datetime": {"datetime": "2021-08-10 17:28:38", "elapsed": 180.338269, "delta": 7.138597}}
{"target": -15.012993959546423, "params": {"batchsize": 7.594540882173812, "densesize": 7.737053930075657, "filters": 7.060202801297038, "seqlength": 121.48977584756652}, "datetime": {"datetime": "2021-08-10 17:28:44", "elapsed": 186.069552, "delta": 5.731283}}
{"target": -20.855292952618957, "params": {"batchsize": 4.925658112646835, "densesize": 4.0, "filters": 8.0, "seqlength": 119.0588497350168}, "datetime": {"datetime": "2021-08-10 17:29:08", "elapsed": 210.320523, "delta": 24.250971}}
{"target": -15.030119325654473, "params": {"batchsize": 7.708938580486873, "densesize": 4.650712478629955, "filters": 4.456657423805944, "seqlength": 120.36430610141421}, "datetime": {"datetime": "2021-08-10 17:29:14", "elapsed": 216.304862, "delta": 5.984339}}
{"target": -19.974751756813525, "params": {"batchsize": 7.9946818319915245, "densesize": 4.5920251151766776, "filters": 7.559392657992831, "seqlength": 118.62883299112212}, "datetime": {"datetime": "2021-08-10 17:29:21", "elapsed": 222.926344, "delta": 6.621482}}
{"target": -17.015695942961024, "params": {"batchsize": 6.344893948659485, "densesize": 4.835849831666488, "filters": 6.377531779175357, "seqlength": 255.70043542478055}, "datetime": {"datetime": "2021-08-10 17:29:26", "elapsed": 228.651653, "delta": 5.725309}}
{"target": -12.550754337113316, "params": {"batchsize": 7.516940491490759, "densesize": 5.888542842696134, "filters": 6.319227504664102, "seqlength": 120.474464467987}, "datetime": {"datetime": "2021-08-10 17:29:33", "elapsed": 234.957065, "delta": 6.305412}}
{"target": -16.535467191270314, "params": {"batchsize": 7.870712107931856, "densesize": 5.377533874244564, "filters": 7.345480804470496, "seqlength": 120.98384333585021}, "datetime": {"datetime": "2021-08-10 17:29:39", "elapsed": 241.377502, "delta": 6.420437}}
{"target": -15.207224629622619, "params": {"batchsize": 7.220334872496816, "densesize": 5.257387531693624, "filters": 6.43623760758475, "seqlength": 119.89719626482854}, "datetime": {"datetime": "2021-08-10 17:29:45", "elapsed": 247.651907, "delta": 6.274405}}
{"target": -15.207415968447705, "params": {"batchsize": 7.898185339259911, "densesize": 5.991137725763902, "filters": 6.920937519712176, "seqlength": 119.97345253842161}, "datetime": {"datetime": "2021-08-10 17:29:51", "elapsed": 253.768277, "delta": 6.11637}}
{"target": -14.4079614893795, "params": {"batchsize": 7.029112534193329, "densesize": 6.323546907082968, "filters": 6.319132327830426, "seqlength": 120.54665207062565}, "datetime": {"datetime": "2021-08-10 17:29:56", "elapsed": 258.554348, "delta": 4.786071}}
{"target": -15.818292432548413, "params": {"batchsize": 7.523302497024677, "densesize": 5.487602107468938, "filters": 6.272086304829614, "seqlength": 121.18955702894412}, "datetime": {"datetime": "2021-08-10 17:30:02", "elapsed": 264.838755, "delta": 6.284407}}
{"target": -16.285752459324478, "params": {"batchsize": 7.681754814189354, "densesize": 6.361267887098011, "filters": 4.91365899024555, "seqlength": 121.06535165133505}, "datetime": {"datetime": "2021-08-10 17:30:09", "elapsed": 270.93512, "delta": 6.096365}}
{"target": -15.67402194742882, "params": {"batchsize": 7.232311682681454, "densesize": 4.0204324282721915, "filters": 7.640390607712769, "seqlength": 120.55899647686725}, "datetime": {"datetime": "2021-08-10 17:30:15", "elapsed": 277.783653, "delta": 6.848533}}
{"target": -14.40730987097387, "params": {"batchsize": 7.891976339704421, "densesize": 6.867539491850835, "filters": 6.403831080983937, "seqlength": 115.60873976929618}, "datetime": {"datetime": "2021-08-10 17:30:21", "elapsed": 283.210868, "delta": 5.427215}}
{"target": -15.697183934945826, "params": {"batchsize": 7.6526645385563, "densesize": 5.842900613559389, "filters": 7.502733574345132, "seqlength": 115.54769128255352}, "datetime": {"datetime": "2021-08-10 17:30:28", "elapsed": 290.258446, "delta": 7.047578}}
{"target": -14.162718245426786, "params": {"batchsize": 7.072167328594492, "densesize": 6.19760141178026, "filters": 6.329944786632241, "seqlength": 116.15249925454349}, "datetime": {"datetime": "2021-08-10 17:30:33", "elapsed": 295.320579, "delta": 5.062133}}
{"target": -15.471984721114323, "params": {"batchsize": 7.722670476230729, "densesize": 6.006933260802718, "filters": 5.074004410303992, "seqlength": 115.67875160999331}, "datetime": {"datetime": "2021-08-10 17:30:38", "elapsed": 300.344704, "delta": 5.024125}}
{"target": -15.62785093393112, "params": {"batchsize": 7.179606085742723, "densesize": 7.846106810703363, "filters": 6.49396760604869, "seqlength": 117.02225547951782}, "datetime": {"datetime": "2021-08-10 17:30:45", "elapsed": 306.978189, "delta": 6.633485}}
{"target": -14.492919359261187, "params": {"batchsize": 6.762346553308974, "densesize": 7.471119215953273, "filters": 4.044988377293975, "seqlength": 276.27822916133323}, "datetime": {"datetime": "2021-08-10 17:30:50", "elapsed": 312.65446, "delta": 5.676271}}
{"target": -15.63027314036965, "params": {"batchsize": 5.6658989285272785, "densesize": 7.165289201726327, "filters": 4.909063124372822, "seqlength": 275.52156395184994}, "datetime": {"datetime": "2021-08-10 17:31:00", "elapsed": 322.61769, "delta": 9.96323}}
{"target": -15.047985725874854, "params": {"batchsize": 7.630556026743883, "densesize": 7.862083818343326, "filters": 5.09976932136194, "seqlength": 275.4697165997458}, "datetime": {"datetime": "2021-08-10 17:31:06", "elapsed": 328.118922, "delta": 5.501232}}
{"target": -17.326285051286206, "params": {"batchsize": 7.806730606948208, "densesize": 6.142882768534742, "filters": 5.0456300599718675, "seqlength": 275.9112603260244}, "datetime": {"datetime": "2021-08-10 17:31:12", "elapsed": 333.897216, "delta": 5.778294}}
{"target": -15.272941592356059, "params": {"batchsize": 5.724187075589105, "densesize": 7.014657851684454, "filters": 4.081257271459178, "seqlength": 277.44859746575776}, "datetime": {"datetime": "2021-08-10 17:31:22", "elapsed": 344.539599, "delta": 10.642383}}
{"target": -16.261145480217174, "params": {"batchsize": 7.569268712806166, "densesize": 7.673852547224404, "filters": 4.981940709504375, "seqlength": 277.7450593185421}, "datetime": {"datetime": "2021-08-10 17:31:28", "elapsed": 350.546944, "delta": 6.007345}}
{"target": -16.05308755834814, "params": {"batchsize": 6.2707017807290715, "densesize": 7.481257320552805, "filters": 7.28710806431493, "seqlength": 115.46032545193547}, "datetime": {"datetime": "2021-08-10 17:31:36", "elapsed": 358.081631, "delta": 7.534687}}
{"target": -13.497340344084856, "params": {"batchsize": 7.9755613077389995, "densesize": 4.453486541319384, "filters": 6.995695796984643, "seqlength": 120.24589121776201}, "datetime": {"datetime": "2021-08-10 17:31:42", "elapsed": 364.355035, "delta": 6.273404}}
{"target": -18.053838044794436, "params": {"batchsize": 7.656595355390254, "densesize": 7.144393695477191, "filters": 4.60403769004701, "seqlength": 117.76094841952336}, "datetime": {"datetime": "2021-08-10 17:31:48", "elapsed": 369.91728, "delta": 5.562245}}
{"target": -17.944601084621237, "params": {"batchsize": 5.11326751047401, "densesize": 8.0, "filters": 5.373953413171233, "seqlength": 278.77901284914105}, "datetime": {"datetime": "2021-08-10 17:31:54", "elapsed": 376.087662, "delta": 6.170382}}
{"target": -16.37252121321988, "params": {"batchsize": 6.703037889464493, "densesize": 6.418558975220685, "filters": 5.406941869677376, "seqlength": 287.0786357532919}, "datetime": {"datetime": "2021-08-10 17:32:00", "elapsed": 382.465664, "delta": 6.378002}}
